Analysis & Synthesis report for my_computer
Tue Mar 19 16:00:13 2024
Quartus II Version 9.0 Build 184 04/29/2009 Service Pack 1 SJ Web Edition


---------------------
; Table of Contents ;
---------------------
  1. Legal Notice
  2. Analysis & Synthesis Summary
  3. Analysis & Synthesis Settings
  4. Analysis & Synthesis Source Files Read
  5. Analysis & Synthesis Resource Usage Summary
  6. Analysis & Synthesis Resource Utilization by Entity
  7. Analysis & Synthesis RAM Summary
  8. General Register Statistics
  9. Inverted Register Statistics
 10. Registers Packed Into Inferred Megafunctions
 11. Multiplexer Restructuring Statistics (Restructuring Performed)
 12. Source assignments for LPM_RAM_IO:inst|altram:sram|altsyncram:ram_block|altsyncram_dr91:auto_generated
 13. Source assignments for stack_memory:inst15|altsyncram:memory_rtl_0|altsyncram_vif1:auto_generated
 14. Parameter Settings for User Entity Instance: LPM_RAM_IO:inst
 15. Parameter Settings for Inferred Entity Instance: stack_memory:inst15|altsyncram:memory_rtl_0
 16. altsyncram Parameter Settings by Entity Instance
 17. Analysis & Synthesis Messages
 18. Analysis & Synthesis Suppressed Messages



----------------
; Legal Notice ;
----------------
Copyright (C) 1991-2009 Altera Corporation
Your use of Altera Corporation's design tools, logic functions 
and other software and tools, and its AMPP partner logic 
functions, and any output files from any of the foregoing 
(including device programming or simulation files), and any 
associated documentation or information are expressly subject 
to the terms and conditions of the Altera Program License 
Subscription Agreement, Altera MegaCore Function License 
Agreement, or other applicable license agreement, including, 
without limitation, that your use is for the sole purpose of 
programming logic devices manufactured by Altera and sold by 
Altera or its authorized distributors.  Please refer to the 
applicable agreement for further details.



+-----------------------------------------------------------------------------------+
; Analysis & Synthesis Summary                                                      ;
+------------------------------------+----------------------------------------------+
; Analysis & Synthesis Status        ; Successful - Tue Mar 19 16:00:13 2024        ;
; Quartus II Version                 ; 9.0 Build 184 04/29/2009 SP 1 SJ Web Edition ;
; Revision Name                      ; my_computer                                  ;
; Top-level Entity Name              ; my_computer                                  ;
; Family                             ; Cyclone II                                   ;
; Total logic elements               ; 215                                          ;
;     Total combinational functions  ; 198                                          ;
;     Dedicated logic registers      ; 58                                           ;
; Total registers                    ; 58                                           ;
; Total pins                         ; 55                                           ;
; Total virtual pins                 ; 0                                            ;
; Total memory bits                  ; 2,176                                        ;
; Embedded Multiplier 9-bit elements ; 0                                            ;
; Total PLLs                         ; 0                                            ;
+------------------------------------+----------------------------------------------+


+--------------------------------------------------------------------------------------------------------+
; Analysis & Synthesis Settings                                                                          ;
+--------------------------------------------------------------+--------------------+--------------------+
; Option                                                       ; Setting            ; Default Value      ;
+--------------------------------------------------------------+--------------------+--------------------+
; Device                                                       ; EP2C5T144C8        ;                    ;
; Top-level entity name                                        ; my_computer        ; my_computer        ;
; Family name                                                  ; Cyclone II         ; Stratix II         ;
; Use Generated Physical Constraints File                      ; Off                ;                    ;
; Use smart compilation                                        ; Off                ; Off                ;
; Restructure Multiplexers                                     ; Auto               ; Auto               ;
; Create Debugging Nodes for IP Cores                          ; Off                ; Off                ;
; Preserve fewer node names                                    ; On                 ; On                 ;
; Disable OpenCore Plus hardware evaluation                    ; Off                ; Off                ;
; Verilog Version                                              ; Verilog_2001       ; Verilog_2001       ;
; VHDL Version                                                 ; VHDL93             ; VHDL93             ;
; State Machine Processing                                     ; Auto               ; Auto               ;
; Safe State Machine                                           ; Off                ; Off                ;
; Extract Verilog State Machines                               ; On                 ; On                 ;
; Extract VHDL State Machines                                  ; On                 ; On                 ;
; Ignore Verilog initial constructs                            ; Off                ; Off                ;
; Iteration limit for constant Verilog loops                   ; 5000               ; 5000               ;
; Iteration limit for non-constant Verilog loops               ; 250                ; 250                ;
; Add Pass-Through Logic to Inferred RAMs                      ; On                 ; On                 ;
; Parallel Synthesis                                           ; Off                ; Off                ;
; DSP Block Balancing                                          ; Auto               ; Auto               ;
; NOT Gate Push-Back                                           ; On                 ; On                 ;
; Power-Up Don't Care                                          ; On                 ; On                 ;
; Remove Redundant Logic Cells                                 ; Off                ; Off                ;
; Remove Duplicate Registers                                   ; On                 ; On                 ;
; Ignore CARRY Buffers                                         ; Off                ; Off                ;
; Ignore CASCADE Buffers                                       ; Off                ; Off                ;
; Ignore GLOBAL Buffers                                        ; Off                ; Off                ;
; Ignore ROW GLOBAL Buffers                                    ; Off                ; Off                ;
; Ignore LCELL Buffers                                         ; Off                ; Off                ;
; Ignore SOFT Buffers                                          ; On                 ; On                 ;
; Limit AHDL Integers to 32 Bits                               ; Off                ; Off                ;
; Optimization Technique                                       ; Balanced           ; Balanced           ;
; Carry Chain Length                                           ; 70                 ; 70                 ;
; Auto Carry Chains                                            ; On                 ; On                 ;
; Auto Open-Drain Pins                                         ; On                 ; On                 ;
; Perform WYSIWYG Primitive Resynthesis                        ; Off                ; Off                ;
; Auto ROM Replacement                                         ; On                 ; On                 ;
; Auto RAM Replacement                                         ; On                 ; On                 ;
; Auto Shift Register Replacement                              ; Auto               ; Auto               ;
; Auto Clock Enable Replacement                                ; On                 ; On                 ;
; Strict RAM Replacement                                       ; Off                ; Off                ;
; Allow Synchronous Control Signals                            ; On                 ; On                 ;
; Force Use of Synchronous Clear Signals                       ; Off                ; Off                ;
; Auto RAM to Logic Cell Conversion                            ; Off                ; Off                ;
; Auto Resource Sharing                                        ; Off                ; Off                ;
; Allow Any RAM Size For Recognition                           ; Off                ; Off                ;
; Allow Any ROM Size For Recognition                           ; Off                ; Off                ;
; Allow Any Shift Register Size For Recognition                ; Off                ; Off                ;
; Use LogicLock Constraints during Resource Balancing          ; On                 ; On                 ;
; Ignore translate_off and synthesis_off directives            ; Off                ; Off                ;
; Timing-Driven Synthesis                                      ; Off                ; Off                ;
; Show Parameter Settings Tables in Synthesis Report           ; On                 ; On                 ;
; Ignore Maximum Fan-Out Assignments                           ; Off                ; Off                ;
; Synchronization Register Chain Length                        ; 2                  ; 2                  ;
; PowerPlay Power Optimization                                 ; Normal compilation ; Normal compilation ;
; HDL message level                                            ; Level2             ; Level2             ;
; Suppress Register Optimization Related Messages              ; Off                ; Off                ;
; Number of Removed Registers Reported in Synthesis Report     ; 100                ; 100                ;
; Number of Inverted Registers Reported in Synthesis Report    ; 100                ; 100                ;
; Clock MUX Protection                                         ; On                 ; On                 ;
; Auto Gated Clock Conversion                                  ; Off                ; Off                ;
; Block Design Naming                                          ; Auto               ; Auto               ;
; SDC constraint protection                                    ; Off                ; Off                ;
; Synthesis Effort                                             ; Auto               ; Auto               ;
; Shift Register Replacement - Allow Asynchronous Clear Signal ; On                 ; On                 ;
; Analysis & Synthesis Message Level                           ; Medium             ; Medium             ;
+--------------------------------------------------------------+--------------------+--------------------+


+------------------------------------------------------------------------------------------------------------------------------------------------------------------+
; Analysis & Synthesis Source Files Read                                                                                                                           ;
+----------------------------------+-----------------+------------------------------------+------------------------------------------------------------------------+
; File Name with User-Entered Path ; Used in Netlist ; File Type                          ; File Name with Absolute Path                                           ;
+----------------------------------+-----------------+------------------------------------+------------------------------------------------------------------------+
; ir.v                             ; yes             ; User Verilog HDL File              ; C:/Users/·ë×¯æµ/Desktop/my_computer/my_computer/ir.v                   ;
; au.v                             ; yes             ; User Verilog HDL File              ; C:/Users/·ë×¯æµ/Desktop/my_computer/my_computer/au.v                   ;
; my_computer.v                    ; yes             ; User Verilog HDL File              ; C:/Users/·ë×¯æµ/Desktop/my_computer/my_computer/my_computer.v          ;
; ins_decode.v                     ; yes             ; User Verilog HDL File              ; C:/Users/·ë×¯æµ/Desktop/my_computer/my_computer/ins_decode.v           ;
; mux2_1.v                         ; yes             ; User Verilog HDL File              ; C:/Users/·ë×¯æµ/Desktop/my_computer/my_computer/mux2_1.v               ;
; mux3_1.v                         ; yes             ; User Verilog HDL File              ; C:/Users/·ë×¯æµ/Desktop/my_computer/my_computer/mux3_1.v               ;
; pc.v                             ; yes             ; User Verilog HDL File              ; C:/Users/·ë×¯æµ/Desktop/my_computer/my_computer/pc.v                   ;
; psw.v                            ; yes             ; User Verilog HDL File              ; C:/Users/·ë×¯æµ/Desktop/my_computer/my_computer/psw.v                  ;
; reg_group.v                      ; yes             ; User Verilog HDL File              ; C:/Users/·ë×¯æµ/Desktop/my_computer/my_computer/reg_group.v            ;
; sm.v                             ; yes             ; User Verilog HDL File              ; C:/Users/·ë×¯æµ/Desktop/my_computer/my_computer/sm.v                   ;
; my_computer.bdf                  ; yes             ; User Block Diagram/Schematic File  ; C:/Users/·ë×¯æµ/Desktop/my_computer/my_computer/my_computer.bdf        ;
; ptr.v                            ; yes             ; User Verilog HDL File              ; C:/Users/·ë×¯æµ/Desktop/my_computer/my_computer/ptr.v                  ;
; StackMemory.v                    ; yes             ; User Verilog HDL File              ; C:/Users/·ë×¯æµ/Desktop/my_computer/my_computer/StackMemory.v          ;
; LPM_RAM_IO.tdf                   ; yes             ; Megafunction                       ; d:/altera/90sp1/quartus/libraries/megafunctions/LPM_RAM_IO.tdf         ;
; altram.inc                       ; yes             ; Megafunction                       ; d:/altera/90sp1/quartus/libraries/megafunctions/altram.inc             ;
; lpm_mux.inc                      ; yes             ; Megafunction                       ; d:/altera/90sp1/quartus/libraries/megafunctions/lpm_mux.inc            ;
; lpm_decode.inc                   ; yes             ; Megafunction                       ; d:/altera/90sp1/quartus/libraries/megafunctions/lpm_decode.inc         ;
; aglobal90.inc                    ; yes             ; Megafunction                       ; d:/altera/90sp1/quartus/libraries/megafunctions/aglobal90.inc          ;
; altram.tdf                       ; yes             ; Megafunction                       ; d:/altera/90sp1/quartus/libraries/megafunctions/altram.tdf             ;
; memmodes.inc                     ; yes             ; Megafunction                       ; d:/altera/90sp1/quartus/libraries/others/maxplus2/memmodes.inc         ;
; altsyncram.inc                   ; yes             ; Megafunction                       ; d:/altera/90sp1/quartus/libraries/megafunctions/altsyncram.inc         ;
; altqpram.inc                     ; yes             ; Megafunction                       ; d:/altera/90sp1/quartus/libraries/megafunctions/altqpram.inc           ;
; altsyncram.tdf                   ; yes             ; Megafunction                       ; d:/altera/90sp1/quartus/libraries/megafunctions/altsyncram.tdf         ;
; stratix_ram_block.inc            ; yes             ; Megafunction                       ; d:/altera/90sp1/quartus/libraries/megafunctions/stratix_ram_block.inc  ;
; a_rdenreg.inc                    ; yes             ; Megafunction                       ; d:/altera/90sp1/quartus/libraries/megafunctions/a_rdenreg.inc          ;
; altrom.inc                       ; yes             ; Megafunction                       ; d:/altera/90sp1/quartus/libraries/megafunctions/altrom.inc             ;
; altdpram.inc                     ; yes             ; Megafunction                       ; d:/altera/90sp1/quartus/libraries/megafunctions/altdpram.inc           ;
; db/altsyncram_dr91.tdf           ; yes             ; Auto-Generated Megafunction        ; C:/Users/·ë×¯æµ/Desktop/my_computer/my_computer/db/altsyncram_dr91.tdf ;
; db/altsyncram_vif1.tdf           ; yes             ; Auto-Generated Megafunction        ; C:/Users/·ë×¯æµ/Desktop/my_computer/my_computer/db/altsyncram_vif1.tdf ;
+----------------------------------+-----------------+------------------------------------+------------------------------------------------------------------------+


+-----------------------------------------------------+
; Analysis & Synthesis Resource Usage Summary         ;
+---------------------------------------------+-------+
; Resource                                    ; Usage ;
+---------------------------------------------+-------+
; Estimated Total logic elements              ; 215   ;
;                                             ;       ;
; Total combinational functions               ; 198   ;
; Logic element usage by number of LUT inputs ;       ;
;     -- 4 input functions                    ; 94    ;
;     -- 3 input functions                    ; 50    ;
;     -- <=2 input functions                  ; 54    ;
;                                             ;       ;
; Logic elements by mode                      ;       ;
;     -- normal mode                          ; 163   ;
;     -- arithmetic mode                      ; 35    ;
;                                             ;       ;
; Total registers                             ; 58    ;
;     -- Dedicated logic registers            ; 58    ;
;     -- I/O registers                        ; 0     ;
;                                             ;       ;
; I/O pins                                    ; 55    ;
; Total memory bits                           ; 2176  ;
; Maximum fan-out node                        ; CLK   ;
; Maximum fan-out                             ; 74    ;
; Total fan-out                               ; 1020  ;
; Average fan-out                             ; 3.12  ;
+---------------------------------------------+-------+


+------------------------------------------------------------------------------------------------------------------------------------------------------------------------------------------------------------------------------------------------------------------------+
; Analysis & Synthesis Resource Utilization by Entity                                                                                                                                                                                                                    ;
+----------------------------------------------+-------------------+--------------+-------------+--------------+---------+-----------+------+--------------+----------------------------------------------------------------------------------------------+--------------+
; Compilation Hierarchy Node                   ; LC Combinationals ; LC Registers ; Memory Bits ; DSP Elements ; DSP 9x9 ; DSP 18x18 ; Pins ; Virtual Pins ; Full Hierarchy Name                                                                          ; Library Name ;
+----------------------------------------------+-------------------+--------------+-------------+--------------+---------+-----------+------+--------------+----------------------------------------------------------------------------------------------+--------------+
; |my_computer                                 ; 198 (27)          ; 58 (0)       ; 2176        ; 0            ; 0       ; 0         ; 55   ; 0            ; |my_computer                                                                                 ; work         ;
;    |au:inst7|                                ; 54 (54)           ; 0 (0)        ; 0           ; 0            ; 0       ; 0         ; 0    ; 0            ; |my_computer|au:inst7                                                                        ; work         ;
;    |con_signal:inst17|                       ; 5 (5)             ; 0 (0)        ; 0           ; 0            ; 0       ; 0         ; 0    ; 0            ; |my_computer|con_signal:inst17                                                               ; work         ;
;    |ins_decode:inst16|                       ; 2 (2)             ; 0 (0)        ; 0           ; 0            ; 0       ; 0         ; 0    ; 0            ; |my_computer|ins_decode:inst16                                                               ; work         ;
;    |ir:inst2|                                ; 0 (0)             ; 8 (8)        ; 0           ; 0            ; 0       ; 0         ; 0    ; 0            ; |my_computer|ir:inst2                                                                        ; work         ;
;    |lpm_ram_io:inst|                         ; 0 (0)             ; 0 (0)        ; 2048        ; 0            ; 0       ; 0         ; 0    ; 0            ; |my_computer|lpm_ram_io:inst                                                                 ; work         ;
;       |altram:sram|                          ; 0 (0)             ; 0 (0)        ; 2048        ; 0            ; 0       ; 0         ; 0    ; 0            ; |my_computer|lpm_ram_io:inst|altram:sram                                                     ; work         ;
;          |altsyncram:ram_block|              ; 0 (0)             ; 0 (0)        ; 2048        ; 0            ; 0       ; 0         ; 0    ; 0            ; |my_computer|lpm_ram_io:inst|altram:sram|altsyncram:ram_block                                ; work         ;
;             |altsyncram_dr91:auto_generated| ; 0 (0)             ; 0 (0)        ; 2048        ; 0            ; 0       ; 0         ; 0    ; 0            ; |my_computer|lpm_ram_io:inst|altram:sram|altsyncram:ram_block|altsyncram_dr91:auto_generated ; work         ;
;    |mux2_1:inst1|                            ; 8 (8)             ; 0 (0)        ; 0           ; 0            ; 0       ; 0         ; 0    ; 0            ; |my_computer|mux2_1:inst1                                                                    ; work         ;
;    |mux3_1:inst5|                            ; 17 (17)           ; 0 (0)        ; 0           ; 0            ; 0       ; 0         ; 0    ; 0            ; |my_computer|mux3_1:inst5                                                                    ; work         ;
;    |pc:inst4|                                ; 10 (10)           ; 8 (8)        ; 0           ; 0            ; 0       ; 0         ; 0    ; 0            ; |my_computer|pc:inst4                                                                        ; work         ;
;    |psw:inst3|                               ; 2 (2)             ; 1 (1)        ; 0           ; 0            ; 0       ; 0         ; 0    ; 0            ; |my_computer|psw:inst3                                                                       ; work         ;
;    |ptr:inst11|                              ; 27 (27)           ; 8 (8)        ; 0           ; 0            ; 0       ; 0         ; 0    ; 0            ; |my_computer|ptr:inst11                                                                      ; work         ;
;    |reg_group:inst6|                         ; 43 (43)           ; 32 (32)      ; 0           ; 0            ; 0       ; 0         ; 0    ; 0            ; |my_computer|reg_group:inst6                                                                 ; work         ;
;    |sm:inst10|                               ; 1 (1)             ; 1 (1)        ; 0           ; 0            ; 0       ; 0         ; 0    ; 0            ; |my_computer|sm:inst10                                                                       ; work         ;
;    |stack_memory:inst15|                     ; 2 (2)             ; 0 (0)        ; 128         ; 0            ; 0       ; 0         ; 0    ; 0            ; |my_computer|stack_memory:inst15                                                             ; work         ;
;       |altsyncram:memory_rtl_0|              ; 0 (0)             ; 0 (0)        ; 128         ; 0            ; 0       ; 0         ; 0    ; 0            ; |my_computer|stack_memory:inst15|altsyncram:memory_rtl_0                                     ; work         ;
;          |altsyncram_vif1:auto_generated|    ; 0 (0)             ; 0 (0)        ; 128         ; 0            ; 0       ; 0         ; 0    ; 0            ; |my_computer|stack_memory:inst15|altsyncram:memory_rtl_0|altsyncram_vif1:auto_generated      ; work         ;
+----------------------------------------------+-------------------+--------------+-------------+--------------+---------+-----------+------+--------------+----------------------------------------------------------------------------------------------+--------------+
Note: For table entries with two numbers listed, the numbers in parentheses indicate the number of resources of the given type used by the specific entity alone. The numbers listed outside of parentheses indicate the total resources of the given type used by the specific entity and all of its sub-entities in the hierarchy.


+---------------------------------------------------------------------------------------------------------------------------------------------------------------------------------------------------------+
; Analysis & Synthesis RAM Summary                                                                                                                                                                        ;
+--------------------------------------------------------------------------------------------+------+------------------+--------------+--------------+--------------+--------------+------+---------------+
; Name                                                                                       ; Type ; Mode             ; Port A Depth ; Port A Width ; Port B Depth ; Port B Width ; Size ; MIF           ;
+--------------------------------------------------------------------------------------------+------+------------------+--------------+--------------+--------------+--------------+------+---------------+
; lpm_ram_io:inst|altram:sram|altsyncram:ram_block|altsyncram_dr91:auto_generated|ALTSYNCRAM ; AUTO ; Single Port      ; 256          ; 8            ; --           ; --           ; 2048 ; ./RAM_RW2.mif ;
; stack_memory:inst15|altsyncram:memory_rtl_0|altsyncram_vif1:auto_generated|ALTSYNCRAM      ; AUTO ; Simple Dual Port ; 16           ; 8            ; 16           ; 8            ; 128  ; None          ;
+--------------------------------------------------------------------------------------------+------+------------------+--------------+--------------+--------------+--------------+------+---------------+


+------------------------------------------------------+
; General Register Statistics                          ;
+----------------------------------------------+-------+
; Statistic                                    ; Value ;
+----------------------------------------------+-------+
; Total registers                              ; 58    ;
; Number of registers using Synchronous Clear  ; 0     ;
; Number of registers using Synchronous Load   ; 8     ;
; Number of registers using Asynchronous Clear ; 0     ;
; Number of registers using Asynchronous Load  ; 0     ;
; Number of registers using Clock Enable       ; 55    ;
; Number of registers using Preset             ; 0     ;
+----------------------------------------------+-------+


+---------------------------------------------------+
; Inverted Register Statistics                      ;
+-----------------------------------------+---------+
; Inverted Register                       ; Fan out ;
+-----------------------------------------+---------+
; reg_group:inst6|r1[7]                   ; 2       ;
; reg_group:inst6|r1[5]                   ; 2       ;
; reg_group:inst6|r1[3]                   ; 2       ;
; reg_group:inst6|r3[2]                   ; 2       ;
; reg_group:inst6|r1[1]                   ; 2       ;
; reg_group:inst6|r3[1]                   ; 2       ;
; reg_group:inst6|r3[0]                   ; 2       ;
; ptr:inst11|top[3]                       ; 3       ;
; ptr:inst11|air[3]                       ; 3       ;
; ptr:inst11|top[2]                       ; 3       ;
; ptr:inst11|air[2]                       ; 3       ;
; ptr:inst11|top[1]                       ; 3       ;
; ptr:inst11|air[1]                       ; 3       ;
; ptr:inst11|top[0]                       ; 4       ;
; Total number of inverted registers = 14 ;         ;
+-----------------------------------------+---------+


+--------------------------------------------------------------------------+
; Registers Packed Into Inferred Megafunctions                             ;
+------------------------------------+------------------------------+------+
; Register Name                      ; Megafunction                 ; Type ;
+------------------------------------+------------------------------+------+
; stack_memory:inst15|data_buffer[0] ; stack_memory:inst15|memory~0 ; RAM  ;
; stack_memory:inst15|data_buffer[1] ; stack_memory:inst15|memory~0 ; RAM  ;
; stack_memory:inst15|data_buffer[2] ; stack_memory:inst15|memory~0 ; RAM  ;
; stack_memory:inst15|data_buffer[3] ; stack_memory:inst15|memory~0 ; RAM  ;
; stack_memory:inst15|data_buffer[4] ; stack_memory:inst15|memory~0 ; RAM  ;
; stack_memory:inst15|data_buffer[5] ; stack_memory:inst15|memory~0 ; RAM  ;
; stack_memory:inst15|data_buffer[6] ; stack_memory:inst15|memory~0 ; RAM  ;
; stack_memory:inst15|data_buffer[7] ; stack_memory:inst15|memory~0 ; RAM  ;
+------------------------------------+------------------------------+------+


+-------------------------------------------------------------------------------------------------------------------------------------------------+
; Multiplexer Restructuring Statistics (Restructuring Performed)                                                                                  ;
+--------------------+-----------+---------------+----------------------+------------------------+------------+-----------------------------------+
; Multiplexer Inputs ; Bus Width ; Baseline Area ; Area if Restructured ; Saving if Restructured ; Registered ; Example Multiplexer Output        ;
+--------------------+-----------+---------------+----------------------+------------------------+------------+-----------------------------------+
; 3:1                ; 8 bits    ; 16 LEs        ; 8 LEs                ; 8 LEs                  ; Yes        ; |my_computer|pc:inst4|t[2]        ;
; 3:1                ; 7 bits    ; 14 LEs        ; 0 LEs                ; 14 LEs                 ; Yes        ; |my_computer|ptr:inst11|top[3]    ;
; 3:1                ; 8 bits    ; 16 LEs        ; 8 LEs                ; 8 LEs                  ; No         ; |my_computer|au:inst7|t[4]~15     ;
; 4:1                ; 8 bits    ; 16 LEs        ; 16 LEs               ; 0 LEs                  ; No         ; |my_computer|reg_group:inst6|Mux8 ;
; 4:1                ; 8 bits    ; 16 LEs        ; 16 LEs               ; 0 LEs                  ; No         ; |my_computer|reg_group:inst6|Mux0 ;
; 4:1                ; 8 bits    ; 16 LEs        ; 16 LEs               ; 0 LEs                  ; No         ; |my_computer|mux3_1:inst5|Mux7    ;
+--------------------+-----------+---------------+----------------------+------------------------+------------+-----------------------------------+


+--------------------------------------------------------------------------------------------------------+
; Source assignments for LPM_RAM_IO:inst|altram:sram|altsyncram:ram_block|altsyncram_dr91:auto_generated ;
+---------------------------------+--------------------+------+------------------------------------------+
; Assignment                      ; Value              ; From ; To                                       ;
+---------------------------------+--------------------+------+------------------------------------------+
; OPTIMIZE_POWER_DURING_SYNTHESIS ; NORMAL_COMPILATION ; -    ; -                                        ;
+---------------------------------+--------------------+------+------------------------------------------+


+---------------------------------------------------------------------------------------------------+
; Source assignments for stack_memory:inst15|altsyncram:memory_rtl_0|altsyncram_vif1:auto_generated ;
+---------------------------------+--------------------+------+-------------------------------------+
; Assignment                      ; Value              ; From ; To                                  ;
+---------------------------------+--------------------+------+-------------------------------------+
; OPTIMIZE_POWER_DURING_SYNTHESIS ; NORMAL_COMPILATION ; -    ; -                                   ;
+---------------------------------+--------------------+------+-------------------------------------+


+--------------------------------------------------------------+
; Parameter Settings for User Entity Instance: LPM_RAM_IO:inst ;
+------------------------+---------------+---------------------+
; Parameter Name         ; Value         ; Type                ;
+------------------------+---------------+---------------------+
; LPM_WIDTH              ; 8             ; Signed Integer      ;
; LPM_WIDTHAD            ; 8             ; Signed Integer      ;
; LPM_NUMWORDS           ; 256           ; Signed Integer      ;
; LPM_INDATA             ; REGISTERED    ; Untyped             ;
; LPM_ADDRESS_CONTROL    ; REGISTERED    ; Untyped             ;
; LPM_OUTDATA            ; UNREGISTERED  ; Untyped             ;
; LPM_FILE               ; ./RAM_RW2.mif ; Untyped             ;
; USE_EAB                ; ON            ; Untyped             ;
; DEVICE_FAMILY          ; Cyclone II    ; Untyped             ;
; AUTO_CARRY_CHAINS      ; ON            ; AUTO_CARRY          ;
; IGNORE_CARRY_BUFFERS   ; OFF           ; IGNORE_CARRY        ;
; AUTO_CASCADE_CHAINS    ; ON            ; AUTO_CASCADE        ;
; IGNORE_CASCADE_BUFFERS ; OFF           ; IGNORE_CASCADE      ;
+------------------------+---------------+---------------------+
Note: In order to hide this table in the UI and the text report file, please set the "Show Parameter Settings Tables in Synthesis Report" option in "Analysis and Synthesis Settings -> More Settings" to "Off".


+----------------------------------------------------------------------------------------------+
; Parameter Settings for Inferred Entity Instance: stack_memory:inst15|altsyncram:memory_rtl_0 ;
+------------------------------------+----------------------+----------------------------------+
; Parameter Name                     ; Value                ; Type                             ;
+------------------------------------+----------------------+----------------------------------+
; BYTE_SIZE_BLOCK                    ; 8                    ; Untyped                          ;
; AUTO_CARRY_CHAINS                  ; ON                   ; AUTO_CARRY                       ;
; IGNORE_CARRY_BUFFERS               ; OFF                  ; IGNORE_CARRY                     ;
; AUTO_CASCADE_CHAINS                ; ON                   ; AUTO_CASCADE                     ;
; IGNORE_CASCADE_BUFFERS             ; OFF                  ; IGNORE_CASCADE                   ;
; WIDTH_BYTEENA                      ; 1                    ; Untyped                          ;
; OPERATION_MODE                     ; DUAL_PORT            ; Untyped                          ;
; WIDTH_A                            ; 8                    ; Untyped                          ;
; WIDTHAD_A                          ; 4                    ; Untyped                          ;
; NUMWORDS_A                         ; 16                   ; Untyped                          ;
; OUTDATA_REG_A                      ; UNREGISTERED         ; Untyped                          ;
; ADDRESS_ACLR_A                     ; NONE                 ; Untyped                          ;
; OUTDATA_ACLR_A                     ; NONE                 ; Untyped                          ;
; WRCONTROL_ACLR_A                   ; NONE                 ; Untyped                          ;
; INDATA_ACLR_A                      ; NONE                 ; Untyped                          ;
; BYTEENA_ACLR_A                     ; NONE                 ; Untyped                          ;
; WIDTH_B                            ; 8                    ; Untyped                          ;
; WIDTHAD_B                          ; 4                    ; Untyped                          ;
; NUMWORDS_B                         ; 16                   ; Untyped                          ;
; INDATA_REG_B                       ; CLOCK1               ; Untyped                          ;
; WRCONTROL_WRADDRESS_REG_B          ; CLOCK1               ; Untyped                          ;
; RDCONTROL_REG_B                    ; CLOCK1               ; Untyped                          ;
; ADDRESS_REG_B                      ; CLOCK1               ; Untyped                          ;
; OUTDATA_REG_B                      ; UNREGISTERED         ; Untyped                          ;
; BYTEENA_REG_B                      ; CLOCK1               ; Untyped                          ;
; INDATA_ACLR_B                      ; NONE                 ; Untyped                          ;
; WRCONTROL_ACLR_B                   ; NONE                 ; Untyped                          ;
; ADDRESS_ACLR_B                     ; NONE                 ; Untyped                          ;
; OUTDATA_ACLR_B                     ; NONE                 ; Untyped                          ;
; RDCONTROL_ACLR_B                   ; NONE                 ; Untyped                          ;
; BYTEENA_ACLR_B                     ; NONE                 ; Untyped                          ;
; WIDTH_BYTEENA_A                    ; 1                    ; Untyped                          ;
; WIDTH_BYTEENA_B                    ; 1                    ; Untyped                          ;
; RAM_BLOCK_TYPE                     ; AUTO                 ; Untyped                          ;
; BYTE_SIZE                          ; 8                    ; Untyped                          ;
; READ_DURING_WRITE_MODE_MIXED_PORTS ; DONT_CARE            ; Untyped                          ;
; READ_DURING_WRITE_MODE_PORT_A      ; NEW_DATA_NO_NBE_READ ; Untyped                          ;
; READ_DURING_WRITE_MODE_PORT_B      ; NEW_DATA_NO_NBE_READ ; Untyped                          ;
; INIT_FILE                          ; UNUSED               ; Untyped                          ;
; INIT_FILE_LAYOUT                   ; PORT_A               ; Untyped                          ;
; MAXIMUM_DEPTH                      ; 0                    ; Untyped                          ;
; CLOCK_ENABLE_INPUT_A               ; NORMAL               ; Untyped                          ;
; CLOCK_ENABLE_INPUT_B               ; NORMAL               ; Untyped                          ;
; CLOCK_ENABLE_OUTPUT_A              ; NORMAL               ; Untyped                          ;
; CLOCK_ENABLE_OUTPUT_B              ; NORMAL               ; Untyped                          ;
; CLOCK_ENABLE_CORE_A                ; USE_INPUT_CLKEN      ; Untyped                          ;
; CLOCK_ENABLE_CORE_B                ; USE_INPUT_CLKEN      ; Untyped                          ;
; ENABLE_ECC                         ; FALSE                ; Untyped                          ;
; DEVICE_FAMILY                      ; Cyclone II           ; Untyped                          ;
; CBXI_PARAMETER                     ; altsyncram_vif1      ; Untyped                          ;
+------------------------------------+----------------------+----------------------------------+
Note: In order to hide this table in the UI and the text report file, please set the "Show Parameter Settings Tables in Synthesis Report" option in "Analysis and Synthesis Settings -> More Settings" to "Off".


+-----------------------------------------------------------------------------------------+
; altsyncram Parameter Settings by Entity Instance                                        ;
+-------------------------------------------+---------------------------------------------+
; Name                                      ; Value                                       ;
+-------------------------------------------+---------------------------------------------+
; Number of entity instances                ; 1                                           ;
; Entity Instance                           ; stack_memory:inst15|altsyncram:memory_rtl_0 ;
;     -- OPERATION_MODE                     ; DUAL_PORT                                   ;
;     -- WIDTH_A                            ; 8                                           ;
;     -- NUMWORDS_A                         ; 16                                          ;
;     -- OUTDATA_REG_A                      ; UNREGISTERED                                ;
;     -- WIDTH_B                            ; 8                                           ;
;     -- NUMWORDS_B                         ; 16                                          ;
;     -- ADDRESS_REG_B                      ; CLOCK1                                      ;
;     -- OUTDATA_REG_B                      ; UNREGISTERED                                ;
;     -- RAM_BLOCK_TYPE                     ; AUTO                                        ;
;     -- READ_DURING_WRITE_MODE_MIXED_PORTS ; DONT_CARE                                   ;
+-------------------------------------------+---------------------------------------------+


+-------------------------------+
; Analysis & Synthesis Messages ;
+-------------------------------+
Info: *******************************************************************
Info: Running Quartus II Analysis & Synthesis
    Info: Version 9.0 Build 184 04/29/2009 Service Pack 1 SJ Web Edition
    Info: Processing started: Tue Mar 19 16:00:12 2024
Info: Command: quartus_map --read_settings_files=on --write_settings_files=off my_computer -c my_computer
Info: Found 1 design units, including 1 entities, in source file ir.v
    Info: Found entity 1: ir
Info: Found 1 design units, including 1 entities, in source file au.v
    Info: Found entity 1: au
Info: Found 1 design units, including 1 entities, in source file my_computer.v
    Info: Found entity 1: con_signal
Info: Found 1 design units, including 1 entities, in source file ins_decode.v
    Info: Found entity 1: ins_decode
Info: Found 1 design units, including 1 entities, in source file mux2_1.v
    Info: Found entity 1: mux2_1
Info: Found 1 design units, including 1 entities, in source file mux3_1.v
    Info: Found entity 1: mux3_1
Info: Found 1 design units, including 1 entities, in source file pc.v
    Info: Found entity 1: pc
Info: Found 1 design units, including 1 entities, in source file psw.v
    Info: Found entity 1: psw
Info: Found 1 design units, including 1 entities, in source file reg_group.v
    Info: Found entity 1: reg_group
Info: Found 1 design units, including 1 entities, in source file sm.v
    Info: Found entity 1: sm
Info: Found 1 design units, including 1 entities, in source file my_computer.bdf
    Info: Found entity 1: my_computer
Info: Found 1 design units, including 1 entities, in source file ptr.v
    Info: Found entity 1: ptr
Info: Found 1 design units, including 1 entities, in source file StackMemory.v
    Info: Found entity 1: stack_memory
Info: Elaborating entity "my_computer" for the top level hierarchy
Warning: Block or symbol "mux3_1" of instance "inst5" overlaps another block or symbol
Warning: Block or symbol "LPM_RAM_IO" of instance "inst" overlaps another block or symbol
Info: Elaborating entity "con_signal" for hierarchy "con_signal:inst17"
Info: Elaborating entity "ins_decode" for hierarchy "ins_decode:inst16"
Info: Elaborating entity "sm" for hierarchy "sm:inst10"
Info: Elaborating entity "ir" for hierarchy "ir:inst2"
Info: Elaborating entity "stack_memory" for hierarchy "stack_memory:inst15"
Info: Elaborating entity "ptr" for hierarchy "ptr:inst11"
Info: Elaborating entity "LPM_RAM_IO" for hierarchy "LPM_RAM_IO:inst"
Info: Elaborated megafunction instantiation "LPM_RAM_IO:inst"
Info: Instantiated megafunction "LPM_RAM_IO:inst" with the following parameter:
    Info: Parameter "LPM_ADDRESS_CONTROL" = "REGISTERED"
    Info: Parameter "LPM_FILE" = "./RAM_RW2.mif"
    Info: Parameter "LPM_INDATA" = "REGISTERED"
    Info: Parameter "LPM_NUMWORDS" = "256"
    Info: Parameter "LPM_OUTDATA" = "UNREGISTERED"
    Info: Parameter "LPM_WIDTH" = "8"
    Info: Parameter "LPM_WIDTHAD" = "8"
Info: Elaborating entity "altram" for hierarchy "LPM_RAM_IO:inst|altram:sram"
Warning: Assertion warning: altram does not support Cyclone II device family -- attempting best-case memory conversions, but power-up states and read during write behavior will be different for Cyclone II devices
Info: Elaborated megafunction instantiation "LPM_RAM_IO:inst|altram:sram", which is child of megafunction instantiation "LPM_RAM_IO:inst"
Info: Elaborating entity "altsyncram" for hierarchy "LPM_RAM_IO:inst|altram:sram|altsyncram:ram_block"
Info: Elaborated megafunction instantiation "LPM_RAM_IO:inst|altram:sram|altsyncram:ram_block", which is child of megafunction instantiation "LPM_RAM_IO:inst"
Info: Found 1 design units, including 1 entities, in source file db/altsyncram_dr91.tdf
    Info: Found entity 1: altsyncram_dr91
Info: Elaborating entity "altsyncram_dr91" for hierarchy "LPM_RAM_IO:inst|altram:sram|altsyncram:ram_block|altsyncram_dr91:auto_generated"
Info: Elaborating entity "mux3_1" for hierarchy "mux3_1:inst5"
Info: Elaborating entity "pc" for hierarchy "pc:inst4"
Info: Elaborating entity "reg_group" for hierarchy "reg_group:inst6"
Info: Elaborating entity "mux2_1" for hierarchy "mux2_1:inst1"
Info: Elaborating entity "au" for hierarchy "au:inst7"
Info: Elaborating entity "psw" for hierarchy "psw:inst3"
Warning: Inferred dual-clock RAM node "stack_memory:inst15|memory~0" from synchronous design logic.  The read-during-write behavior of a dual-clock RAM is undefined and may not match the behavior of the original design.
Info: Inferred 1 megafunctions from design logic
    Info: Inferred altsyncram megafunction from the following design logic: "stack_memory:inst15|memory~0" 
        Info: Parameter OPERATION_MODE set to DUAL_PORT
        Info: Parameter WIDTH_A set to 8
        Info: Parameter WIDTHAD_A set to 4
        Info: Parameter NUMWORDS_A set to 16
        Info: Parameter WIDTH_B set to 8
        Info: Parameter WIDTHAD_B set to 4
        Info: Parameter NUMWORDS_B set to 16
        Info: Parameter ADDRESS_ACLR_A set to NONE
        Info: Parameter OUTDATA_REG_B set to UNREGISTERED
        Info: Parameter ADDRESS_ACLR_B set to NONE
        Info: Parameter OUTDATA_ACLR_B set to NONE
        Info: Parameter ADDRESS_REG_B set to CLOCK1
        Info: Parameter INDATA_ACLR_A set to NONE
        Info: Parameter WRCONTROL_ACLR_A set to NONE
        Info: Parameter RAM_BLOCK_TYPE set to AUTO
Info: Elaborated megafunction instantiation "stack_memory:inst15|altsyncram:memory_rtl_0"
Info: Instantiated megafunction "stack_memory:inst15|altsyncram:memory_rtl_0" with the following parameter:
    Info: Parameter "OPERATION_MODE" = "DUAL_PORT"
    Info: Parameter "WIDTH_A" = "8"
    Info: Parameter "WIDTHAD_A" = "4"
    Info: Parameter "NUMWORDS_A" = "16"
    Info: Parameter "WIDTH_B" = "8"
    Info: Parameter "WIDTHAD_B" = "4"
    Info: Parameter "NUMWORDS_B" = "16"
    Info: Parameter "ADDRESS_ACLR_A" = "NONE"
    Info: Parameter "OUTDATA_REG_B" = "UNREGISTERED"
    Info: Parameter "ADDRESS_ACLR_B" = "NONE"
    Info: Parameter "OUTDATA_ACLR_B" = "NONE"
    Info: Parameter "ADDRESS_REG_B" = "CLOCK1"
    Info: Parameter "INDATA_ACLR_A" = "NONE"
    Info: Parameter "WRCONTROL_ACLR_A" = "NONE"
    Info: Parameter "RAM_BLOCK_TYPE" = "AUTO"
Info: Found 1 design units, including 1 entities, in source file db/altsyncram_vif1.tdf
    Info: Found entity 1: altsyncram_vif1
Warning: Tri-state node(s) do not directly drive top-level pin(s)
    Warning: Converted the fan-out from the tri-state buffer "ptr:inst11|ad[3]" to the node "stack_memory:inst15|altsyncram:memory_rtl_0|altsyncram_vif1:auto_generated|ram_block1a0" into an OR gate
    Warning: Converted the fan-out from the tri-state buffer "ptr:inst11|ad[2]" to the node "stack_memory:inst15|altsyncram:memory_rtl_0|altsyncram_vif1:auto_generated|ram_block1a0" into an OR gate
    Warning: Converted the fan-out from the tri-state buffer "ptr:inst11|ad[1]" to the node "stack_memory:inst15|altsyncram:memory_rtl_0|altsyncram_vif1:auto_generated|ram_block1a0" into an OR gate
    Warning: Converted the fan-out from the tri-state buffer "ptr:inst11|ad[0]" to the node "stack_memory:inst15|altsyncram:memory_rtl_0|altsyncram_vif1:auto_generated|ram_block1a0" into an OR gate
Warning: Tri-state node(s) do not directly drive top-level pin(s)
    Warning: Converted the fan-out from the tri-state buffer "inst12[7]" to the node "lpm_ram_io:inst|altram:sram|altsyncram:ram_block|altsyncram_dr91:auto_generated|q_a[7]" into an OR gate
    Warning: Converted the fan-out from the tri-state buffer "inst12[6]" to the node "lpm_ram_io:inst|altram:sram|altsyncram:ram_block|altsyncram_dr91:auto_generated|q_a[6]" into an OR gate
    Warning: Converted the fan-out from the tri-state buffer "inst12[5]" to the node "lpm_ram_io:inst|altram:sram|altsyncram:ram_block|altsyncram_dr91:auto_generated|q_a[5]" into an OR gate
    Warning: Converted the fan-out from the tri-state buffer "inst12[4]" to the node "lpm_ram_io:inst|altram:sram|altsyncram:ram_block|altsyncram_dr91:auto_generated|q_a[4]" into an OR gate
    Warning: Converted the fan-out from the tri-state buffer "inst12[3]" to the node "lpm_ram_io:inst|altram:sram|altsyncram:ram_block|altsyncram_dr91:auto_generated|q_a[3]" into an OR gate
    Warning: Converted the fan-out from the tri-state buffer "inst12[2]" to the node "lpm_ram_io:inst|altram:sram|altsyncram:ram_block|altsyncram_dr91:auto_generated|q_a[2]" into an OR gate
    Warning: Converted the fan-out from the tri-state buffer "inst12[1]" to the node "lpm_ram_io:inst|altram:sram|altsyncram:ram_block|altsyncram_dr91:auto_generated|q_a[1]" into an OR gate
    Warning: Converted the fan-out from the tri-state buffer "inst12[0]" to the node "lpm_ram_io:inst|altram:sram|altsyncram:ram_block|altsyncram_dr91:auto_generated|q_a[0]" into an OR gate
Warning: Output pins are stuck at VCC or GND
    Warning (13410): Pin "ad_ptr[7]" is stuck at GND
    Warning (13410): Pin "ad_ptr[6]" is stuck at GND
    Warning (13410): Pin "ad_ptr[5]" is stuck at GND
    Warning (13410): Pin "ad_ptr[4]" is stuck at GND
Info: Generated suppressed messages file C:/Users/·ë×¯æµ/Desktop/my_computer/my_computer/my_computer.map.smsg
Info: Implemented 302 device resources after synthesis - the final resource count might be different
    Info: Implemented 9 input pins
    Info: Implemented 46 output pins
    Info: Implemented 231 logic cells
    Info: Implemented 16 RAM segments
Info: Quartus II Analysis & Synthesis was successful. 0 errors, 23 warnings
    Info: Peak virtual memory: 239 megabytes
    Info: Processing ended: Tue Mar 19 16:00:13 2024
    Info: Elapsed time: 00:00:01
    Info: Total CPU time (on all processors): 00:00:00


+------------------------------------------+
; Analysis & Synthesis Suppressed Messages ;
+------------------------------------------+
The suppressed messages can be found in C:/Users/·ë×¯æµ/Desktop/my_computer/my_computer/my_computer.map.smsg.


